<?xml version="1.0" encoding="UTF-8"?>
<!-- Generated by org.testng.reporters.JUnitReportReporter -->
<testsuite hostname="VIPIN" failures="0" tests="1" name="testScript.TC_56SearchOppUsingAssignedToNotEqualsTo" time="32.073" errors="0" timestamp="2021-10-02T17:40:49 PDT" skipped="0">
  <testcase classname="testScript.TC_56SearchOppUsingAssignedToNotEqualsTo" name="createOpp" time="32.073"/>
  <system-out/>
</testsuite> <!-- testScript.TC_56SearchOppUsingAssignedToNotEqualsTo -->
