<?xml version="1.0" encoding="UTF-8"?>
<!-- Generated by org.testng.reporters.JUnitReportReporter -->
<testsuite hostname="VIPIN" failures="0" tests="1" name="practice.OpenEdge" time="18.210" errors="0" timestamp="2021-10-09T11:51:32 PDT" skipped="0">
  <testcase classname="practice.OpenEdge" name="openEdge" time="18.210"/>
  <system-out/>
</testsuite> <!-- practice.OpenEdge -->
