<?xml version="1.0" encoding="UTF-8"?>
<!-- Generated by org.testng.reporters.JUnitReportReporter -->
<testsuite hostname="VIPIN" failures="0" tests="1" name="testScript.TC_51SearchOppUsingStartsWith" time="30.857" errors="0" timestamp="2021-10-02T17:33:07 PDT" skipped="0">
  <testcase classname="testScript.TC_51SearchOppUsingStartsWith" name="createOpp" time="30.857"/>
  <system-out/>
</testsuite> <!-- testScript.TC_51SearchOppUsingStartsWith -->
