<?xml version="1.0" encoding="UTF-8"?>
<!-- Generated by org.testng.reporters.JUnitReportReporter -->
<testsuite hostname="VIPIN" failures="0" tests="1" name="testScript.TC_52SearchOppUsingContains" time="28.290" errors="0" timestamp="2021-10-02T17:34:25 PDT" skipped="0">
  <testcase classname="testScript.TC_52SearchOppUsingContains" name="createOpp" time="28.290"/>
  <system-out/>
</testsuite> <!-- testScript.TC_52SearchOppUsingContains -->
