<?xml version="1.0" encoding="UTF-8"?>
<!-- Generated by org.testng.reporters.JUnitReportReporter -->
<testsuite hostname="VIPIN" failures="0" tests="1" name="testScript.TC_55SearchOppUsingAssignedToEquals" time="30.303" errors="0" timestamp="2021-10-02T17:40:00 PDT" skipped="0">
  <testcase classname="testScript.TC_55SearchOppUsingAssignedToEquals" name="createOpp" time="30.303"/>
  <system-out/>
</testsuite> <!-- testScript.TC_55SearchOppUsingAssignedToEquals -->
