<?xml version="1.0" encoding="UTF-8"?>
<!-- Generated by org.testng.reporters.JUnitReportReporter -->
<testsuite hostname="VIPIN" failures="0" tests="1" name="testScript.TC_54SearchOppUsingAssignedTo" time="36.130" errors="0" timestamp="2021-10-02T17:39:03 PDT" skipped="0">
  <testcase classname="testScript.TC_54SearchOppUsingAssignedTo" name="createOpp" time="36.130"/>
  <system-out/>
</testsuite> <!-- testScript.TC_54SearchOppUsingAssignedTo -->
