<?xml version="1.0" encoding="UTF-8"?>
<!-- Generated by org.testng.reporters.JUnitReportReporter -->
<testsuite hostname="VIPIN" failures="0" tests="1" name="com.vtiger.comcast.opportunitytest.TC_51SearchOppUsingStartsWith" time="98.686" errors="0" timestamp="2021-11-14T17:30:08 IST" skipped="0">
  <testcase classname="com.vtiger.comcast.opportunitytest.TC_51SearchOppUsingStartsWith" name="searchOppWithStartsWith" time="98.686"/>
  <system-out/>
</testsuite> <!-- com.vtiger.comcast.opportunitytest.TC_51SearchOppUsingStartsWith -->
