<?xml version="1.0" encoding="UTF-8"?>
<!-- Generated by org.testng.reporters.JUnitReportReporter -->
<testsuite hostname="VIPIN" failures="0" tests="1" name="testScript.TC_53SearchOppUsingDoesNotConatains" time="71.402" errors="0" timestamp="2021-10-02T17:36:03 PDT" skipped="0">
  <testcase classname="testScript.TC_53SearchOppUsingDoesNotConatains" name="createOpp" time="71.402"/>
  <system-out/>
</testsuite> <!-- testScript.TC_53SearchOppUsingDoesNotConatains -->
