<?xml version="1.0" encoding="UTF-8"?>
<!-- Generated by org.testng.reporters.JUnitReportReporter -->
<testsuite hostname="VIPIN" failures="0" tests="2" name="practice.OrgTest" time="20.681" errors="0" timestamp="2021-10-20T15:33:22 PDT" skipped="0">
  <testcase classname="practice.OrgTest" name="editOrgTest" time="10.075"/>
  <system-out/>
  <testcase classname="practice.OrgTest" name="createOrgTest" time="10.606"/>
  <system-out/>
</testsuite> <!-- practice.OrgTest -->
