<?xml version="1.0" encoding="UTF-8"?>
<!-- Generated by org.testng.reporters.JUnitReportReporter -->
<testsuite hostname="VIPIN" failures="0" tests="1" name="testScript.TC_51SearchOppUsingOrg" time="34.817" errors="0" timestamp="2021-10-01T12:40:42 PDT" skipped="0">
  <testcase classname="testScript.TC_51SearchOppUsingOrg" name="createOpp" time="34.817"/>
  <system-out/>
</testsuite> <!-- testScript.TC_51SearchOppUsingOrg -->
